2025-04-13 21:53:55 - INFO - Available GPUs:
GPU 0: NVIDIA GeForce RTX 4060 Laptop GPU
   - Total Memory: 8188MB
   - Free Memory: 8188MB
   - Used Memory: 0MB
2025-04-13 21:53:55 - INFO - Using GPUs: [0] | Multi-GPU: False
2025-04-13 21:58:04 - INFO - Epoch 1/5 | Train Loss: 9.7873 | Val Loss: 0.5613 | Angular Error: 88.27▲ | LR: 0.001000
2025-04-13 22:00:48 - INFO - Epoch 2/5 | Train Loss: 0.4184 | Val Loss: 0.5218 | Angular Error: 85.83▲ | LR: 0.001000
2025-04-13 22:03:34 - INFO - Epoch 3/5 | Train Loss: 0.4178 | Val Loss: 0.6016 | Angular Error: 85.49▲ | LR: 0.001000
2025-04-13 22:06:19 - INFO - Epoch 4/5 | Train Loss: 0.4179 | Val Loss: 0.4427 | Angular Error: 86.67▲ | LR: 0.001000
2025-04-13 22:09:05 - INFO - Epoch 5/5 | Train Loss: 0.4179 | Val Loss: 0.4164 | Angular Error: 86.17▲ | LR: 0.001000
2025-04-13 22:09:05 - INFO - Val Loss: 0.4164 | Angular Error: 86.17▲
2025-04-17 22:33:52 - INFO - Available GPUs:
GPU 0: NVIDIA GeForce RTX 4060 Laptop GPU
   - Total Memory: 8188MB
   - Free Memory: 8188MB
   - Used Memory: 0MB
2025-04-17 22:33:52 - INFO - Using GPUs: [0] | Multi-GPU: False
2025-04-17 22:38:29 - INFO - Epoch 1/30 | Train Loss: 9.7711 | Val Loss: 0.4542 | Angular Error: 90.76째 | LR: 0.001000
2025-04-17 22:41:10 - INFO - Epoch 2/30 | Train Loss: 0.4181 | Val Loss: 0.4726 | Angular Error: 84.17째 | LR: 0.001000
2025-04-17 22:43:54 - INFO - Epoch 3/30 | Train Loss: 0.4178 | Val Loss: 0.5007 | Angular Error: 87.51째 | LR: 0.001000
2025-04-17 22:46:45 - INFO - Epoch 4/30 | Train Loss: 0.4179 | Val Loss: 0.4492 | Angular Error: 84.76째 | LR: 0.001000
2025-04-17 22:49:42 - INFO - Epoch 5/30 | Train Loss: 0.4179 | Val Loss: 0.4725 | Angular Error: 88.55째 | LR: 0.001000
2025-04-17 22:52:38 - INFO - Epoch 6/30 | Train Loss: 0.4177 | Val Loss: 0.8091 | Angular Error: 89.02째 | LR: 0.001000
2025-04-17 22:55:24 - INFO - Epoch 7/30 | Train Loss: 0.4178 | Val Loss: 0.4047 | Angular Error: 87.17째 | LR: 0.001000
2025-04-17 22:58:12 - INFO - Epoch 8/30 | Train Loss: 0.4178 | Val Loss: 0.4737 | Angular Error: 84.82째 | LR: 0.001000
2025-04-17 23:01:10 - INFO - Epoch 9/30 | Train Loss: 0.4177 | Val Loss: 0.7688 | Angular Error: 86.94째 | LR: 0.001000
2025-04-17 23:04:11 - INFO - Epoch 10/30 | Train Loss: 0.4176 | Val Loss: 0.4466 | Angular Error: 87.48째 | LR: 0.001000
2025-04-17 23:07:15 - INFO - Epoch 11/30 | Train Loss: 0.4178 | Val Loss: 0.8438 | Angular Error: 85.34째 | LR: 0.001000
2025-04-17 23:10:23 - INFO - Epoch 12/30 | Train Loss: 0.4178 | Val Loss: 0.4786 | Angular Error: 86.75째 | LR: 0.001000
2025-04-17 23:13:38 - INFO - Epoch 13/30 | Train Loss: 0.4179 | Val Loss: 0.4962 | Angular Error: 86.44째 | LR: 0.000100
2025-04-17 23:16:48 - INFO - Epoch 14/30 | Train Loss: 0.4177 | Val Loss: 0.4105 | Angular Error: 87.23째 | LR: 0.000100
2025-04-17 23:19:58 - INFO - Epoch 15/30 | Train Loss: 0.4177 | Val Loss: 0.7269 | Angular Error: 87.84째 | LR: 0.000100
2025-04-17 23:23:05 - INFO - Epoch 16/30 | Train Loss: 0.4177 | Val Loss: 1.4117 | Angular Error: 88.88째 | LR: 0.000100
2025-04-17 23:26:11 - INFO - Epoch 17/30 | Train Loss: 0.4177 | Val Loss: 0.6471 | Angular Error: 86.26째 | LR: 0.000100
2025-04-17 23:29:18 - INFO - Epoch 18/30 | Train Loss: 0.4177 | Val Loss: 0.9024 | Angular Error: 88.67째 | LR: 0.000100
2025-04-17 23:32:19 - INFO - Epoch 19/30 | Train Loss: 0.4177 | Val Loss: 0.4461 | Angular Error: 87.91째 | LR: 0.000010
2025-04-17 23:35:22 - INFO - Epoch 20/30 | Train Loss: 0.4176 | Val Loss: 0.5284 | Angular Error: 86.23째 | LR: 0.000010
2025-04-17 23:38:23 - INFO - Epoch 21/30 | Train Loss: 0.4176 | Val Loss: 0.4208 | Angular Error: 85.33째 | LR: 0.000010
2025-04-17 23:41:26 - INFO - Epoch 22/30 | Train Loss: 0.4176 | Val Loss: 0.5541 | Angular Error: 88.45째 | LR: 0.000010
2025-04-17 23:44:28 - INFO - Epoch 23/30 | Train Loss: 0.4176 | Val Loss: 0.4497 | Angular Error: 86.59째 | LR: 0.000010
2025-04-17 23:47:30 - INFO - Epoch 24/30 | Train Loss: 0.4177 | Val Loss: 0.6160 | Angular Error: 88.43째 | LR: 0.000010
2025-04-17 23:50:28 - INFO - Epoch 25/30 | Train Loss: 0.4176 | Val Loss: 0.4965 | Angular Error: 86.76째 | LR: 0.000001
2025-04-17 23:53:15 - INFO - Epoch 26/30 | Train Loss: 0.4176 | Val Loss: 0.5220 | Angular Error: 85.32째 | LR: 0.000001
2025-04-17 23:56:01 - INFO - Epoch 27/30 | Train Loss: 0.4177 | Val Loss: 0.5685 | Angular Error: 85.56째 | LR: 0.000001
2025-04-17 23:58:48 - INFO - Epoch 28/30 | Train Loss: 0.4176 | Val Loss: 0.4216 | Angular Error: 86.82째 | LR: 0.000001
2025-04-18 00:01:36 - INFO - Epoch 29/30 | Train Loss: 0.4177 | Val Loss: 0.5081 | Angular Error: 89.77째 | LR: 0.000001
2025-04-18 00:04:23 - INFO - Epoch 30/30 | Train Loss: 0.4176 | Val Loss: 0.3963 | Angular Error: 85.89째 | LR: 0.000001
2025-04-18 00:04:23 - INFO - 
 Best Model at Epoch 30:
2025-04-18 00:04:23 - INFO - Saved as: best_model_002.pth
2025-04-18 00:04:23 - INFO - Val Loss: 0.3963 | Angular Error: 85.89째
2025-04-18 00:04:23 - INFO -  Training completed successfully
